backend@0.0.0 /home/ubuntu/github/DisasterHelpTeam/backend
├─┬ body-parser@1.18.2
│ ├── bytes@3.0.0
│ ├── content-type@1.0.4
│ ├── debug@2.6.9
│ ├── depd@1.1.2
│ ├── http-errors@1.6.2
│ ├── iconv-lite@0.4.19
│ ├── on-finished@2.3.0
│ ├── qs@6.5.1
│ ├── raw-body@2.3.2
│ └── type-is@1.6.16
├─┬ cookie-parser@1.4.3
│ ├── cookie@0.3.1
│ └── cookie-signature@1.0.6
├─┬ debug@3.1.0
│ └── ms@2.0.0
├── ejs@2.5.7
├─┬ express@4.16.2
│ ├── accepts@1.3.5
│ ├── array-flatten@1.1.1
│ ├── body-parser@1.18.2 deduped
│ ├── content-disposition@0.5.2
│ ├── content-type@1.0.4 deduped
│ ├── cookie@0.3.1 deduped
│ ├── cookie-signature@1.0.6 deduped
│ ├── debug@2.6.9
│ ├── depd@1.1.2 deduped
│ ├── encodeurl@1.0.2
│ ├── escape-html@1.0.3
│ ├── etag@1.8.1
│ ├── finalhandler@1.1.0
│ ├── fresh@0.5.2
│ ├── merge-descriptors@1.0.1
│ ├── methods@1.1.2
│ ├── on-finished@2.3.0 deduped
│ ├── parseurl@1.3.2
│ ├── path-to-regexp@0.1.7
│ ├── proxy-addr@2.0.3
│ ├── qs@6.5.1 deduped
│ ├── range-parser@1.2.0
│ ├── safe-buffer@5.1.1
│ ├── send@0.16.1
│ ├── serve-static@1.13.1
│ ├── setprototypeof@1.1.0
│ ├── statuses@1.3.1
│ ├── type-is@1.6.16 deduped
│ ├── utils-merge@1.0.1
│ └── vary@1.1.2
├─┬ morgan@1.9.0
│ ├── basic-auth@2.0.0
│ ├── debug@2.6.9
│ ├── depd@1.1.2 deduped
│ ├── on-finished@2.3.0 deduped
│ └── on-headers@1.0.1
├─┬ mysql@2.15.0
│ ├── bignumber.js@4.0.4
│ ├── readable-stream@2.3.3
│ ├── safe-buffer@5.1.1 deduped
│ └── sqlstring@2.3.0
└─┬ serve-favicon@2.4.5
  ├── etag@1.8.1 deduped
  ├── fresh@0.5.2 deduped
  ├── ms@2.0.0 deduped
  ├── parseurl@1.3.2 deduped
  └── safe-buffer@5.1.1 deduped

